<?xml version="1.0" encoding="UTF-8"?>
<!-- Generated by org.testng.reporters.JUnitXMLReporter -->
<testsuite hostname="DSCHD-LAP-039" ignored="0" name="Default test" tests="5" failures="0" timestamp="29 Jul 2019 13:22:17 GMT" time="5.661" errors="0">
  <testcase name="addBookLibraryAPITest" time="4.729" classname="restAPITests.LibraryAPITest"/>
  <testcase name="addBooksSetLibraryAPITest" time="0.226" classname="restAPITests.LibraryAPITest"/>
  <testcase name="addBooksSetLibraryAPITest" time="0.235" classname="restAPITests.LibraryAPITest"/>
  <testcase name="addBooksSetLibraryAPITest" time="0.182" classname="restAPITests.LibraryAPITest"/>
  <testcase name="staticJsonAddBookTest" time="0.208" classname="restAPITests.LibraryAPITest"/>
</testsuite> <!-- Default test -->
