<?xml version="1.0" encoding="UTF-8"?>
<testng-results skipped="0" failed="0" ignored="0" total="5" passed="5">
  <reporter-output>
  </reporter-output>
  <suite name="Default suite" duration-ms="4953" started-at="2019-08-01T10:14:31Z" finished-at="2019-08-01T10:14:36Z">
    <groups>
    </groups>
    <test name="Default test" duration-ms="4953" started-at="2019-08-01T10:14:31Z" finished-at="2019-08-01T10:14:36Z">
      <class name="restAPITests.LibraryAPITest">
        <test-method status="PASS" signature="environmentConfig()[pri:0, instance:restAPITests.LibraryAPITest@6325a3ee]" name="environmentConfig" is-config="true" duration-ms="20" started-at="2019-08-01T10:14:31Z" finished-at="2019-08-01T10:14:31Z">
          <reporter-output>
          </reporter-output>
        </test-method> <!-- environmentConfig -->
        <test-method status="PASS" signature="addBookLibraryAPITest()[pri:0, instance:restAPITests.LibraryAPITest@6325a3ee]" name="addBookLibraryAPITest" duration-ms="3762" started-at="2019-08-01T10:14:31Z" finished-at="2019-08-01T10:14:35Z">
          <reporter-output>
          </reporter-output>
        </test-method> <!-- addBookLibraryAPITest -->
        <test-method status="PASS" signature="addBooksSetLibraryAPITest(java.lang.String, java.lang.String)[pri:0, instance:restAPITests.LibraryAPITest@6325a3ee]" name="addBooksSetLibraryAPITest" duration-ms="176" started-at="2019-08-01T10:14:35Z" data-provider="BooksData" finished-at="2019-08-01T10:14:35Z">
          <params>
            <param index="0">
              <value>
                <![CDATA[L144]]>
              </value>
            </param>
            <param index="1">
              <value>
                <![CDATA[DPA287]]>
              </value>
            </param>
          </params>
          <reporter-output>
          </reporter-output>
        </test-method> <!-- addBooksSetLibraryAPITest -->
        <test-method status="PASS" signature="addBooksSetLibraryAPITest(java.lang.String, java.lang.String)[pri:0, instance:restAPITests.LibraryAPITest@6325a3ee]" name="addBooksSetLibraryAPITest" duration-ms="526" started-at="2019-08-01T10:14:35Z" data-provider="BooksData" finished-at="2019-08-01T10:14:36Z">
          <params>
            <param index="0">
              <value>
                <![CDATA[L145]]>
              </value>
            </param>
            <param index="1">
              <value>
                <![CDATA[DPA288]]>
              </value>
            </param>
          </params>
          <reporter-output>
          </reporter-output>
        </test-method> <!-- addBooksSetLibraryAPITest -->
        <test-method status="PASS" signature="addBooksSetLibraryAPITest(java.lang.String, java.lang.String)[pri:0, instance:restAPITests.LibraryAPITest@6325a3ee]" name="addBooksSetLibraryAPITest" duration-ms="225" started-at="2019-08-01T10:14:36Z" data-provider="BooksData" finished-at="2019-08-01T10:14:36Z">
          <params>
            <param index="0">
              <value>
                <![CDATA[L146]]>
              </value>
            </param>
            <param index="1">
              <value>
                <![CDATA[DPA289]]>
              </value>
            </param>
          </params>
          <reporter-output>
          </reporter-output>
        </test-method> <!-- addBooksSetLibraryAPITest -->
        <test-method status="PASS" signature="staticJsonAddBookTest()[pri:0, instance:restAPITests.LibraryAPITest@6325a3ee]" name="staticJsonAddBookTest" duration-ms="162" started-at="2019-08-01T10:14:36Z" finished-at="2019-08-01T10:14:36Z">
          <reporter-output>
          </reporter-output>
        </test-method> <!-- staticJsonAddBookTest -->
        <test-method status="PASS" signature="tearDownTests()[pri:0, instance:restAPITests.LibraryAPITest@6325a3ee]" name="tearDownTests" is-config="true" duration-ms="0" started-at="2019-08-01T10:14:36Z" finished-at="2019-08-01T10:14:36Z">
          <reporter-output>
          </reporter-output>
        </test-method> <!-- tearDownTests -->
      </class> <!-- restAPITests.LibraryAPITest -->
    </test> <!-- Default test -->
  </suite> <!-- Default suite -->
</testng-results>
