<?xml version="1.0" encoding="UTF-8"?>
<testng-results skipped="0" failed="0" ignored="0" total="5" passed="5">
  <reporter-output>
  </reporter-output>
  <suite name="Default suite" duration-ms="5661" started-at="2019-07-29T13:22:11Z" finished-at="2019-07-29T13:22:17Z">
    <groups>
    </groups>
    <test name="Default test" duration-ms="5661" started-at="2019-07-29T13:22:11Z" finished-at="2019-07-29T13:22:17Z">
      <class name="restAPITests.LibraryAPITest">
        <test-method status="PASS" signature="environmentConfig()[pri:0, instance:restAPITests.LibraryAPITest@3a5ed7a6]" name="environmentConfig" is-config="true" duration-ms="25" started-at="2019-07-29T13:22:11Z" finished-at="2019-07-29T13:22:11Z">
          <reporter-output>
          </reporter-output>
        </test-method> <!-- environmentConfig -->
        <test-method status="PASS" signature="addBookLibraryAPITest()[pri:0, instance:restAPITests.LibraryAPITest@3a5ed7a6]" name="addBookLibraryAPITest" duration-ms="4729" started-at="2019-07-29T13:22:11Z" finished-at="2019-07-29T13:22:16Z">
          <reporter-output>
          </reporter-output>
        </test-method> <!-- addBookLibraryAPITest -->
        <test-method status="PASS" signature="addBooksSetLibraryAPITest(java.lang.String, java.lang.String)[pri:0, instance:restAPITests.LibraryAPITest@3a5ed7a6]" name="addBooksSetLibraryAPITest" duration-ms="226" started-at="2019-07-29T13:22:16Z" data-provider="BooksData" finished-at="2019-07-29T13:22:16Z">
          <params>
            <param index="0">
              <value>
                <![CDATA[L134]]>
              </value>
            </param>
            <param index="1">
              <value>
                <![CDATA[DPA287]]>
              </value>
            </param>
          </params>
          <reporter-output>
          </reporter-output>
        </test-method> <!-- addBooksSetLibraryAPITest -->
        <test-method status="PASS" signature="addBooksSetLibraryAPITest(java.lang.String, java.lang.String)[pri:0, instance:restAPITests.LibraryAPITest@3a5ed7a6]" name="addBooksSetLibraryAPITest" duration-ms="235" started-at="2019-07-29T13:22:16Z" data-provider="BooksData" finished-at="2019-07-29T13:22:16Z">
          <params>
            <param index="0">
              <value>
                <![CDATA[L135]]>
              </value>
            </param>
            <param index="1">
              <value>
                <![CDATA[DPA288]]>
              </value>
            </param>
          </params>
          <reporter-output>
          </reporter-output>
        </test-method> <!-- addBooksSetLibraryAPITest -->
        <test-method status="PASS" signature="addBooksSetLibraryAPITest(java.lang.String, java.lang.String)[pri:0, instance:restAPITests.LibraryAPITest@3a5ed7a6]" name="addBooksSetLibraryAPITest" duration-ms="182" started-at="2019-07-29T13:22:16Z" data-provider="BooksData" finished-at="2019-07-29T13:22:16Z">
          <params>
            <param index="0">
              <value>
                <![CDATA[L136]]>
              </value>
            </param>
            <param index="1">
              <value>
                <![CDATA[DPA289]]>
              </value>
            </param>
          </params>
          <reporter-output>
          </reporter-output>
        </test-method> <!-- addBooksSetLibraryAPITest -->
        <test-method status="PASS" signature="staticJsonAddBookTest()[pri:0, instance:restAPITests.LibraryAPITest@3a5ed7a6]" name="staticJsonAddBookTest" duration-ms="208" started-at="2019-07-29T13:22:16Z" finished-at="2019-07-29T13:22:17Z">
          <reporter-output>
          </reporter-output>
        </test-method> <!-- staticJsonAddBookTest -->
      </class> <!-- restAPITests.LibraryAPITest -->
    </test> <!-- Default test -->
  </suite> <!-- Default suite -->
</testng-results>
